<?xml version="1.0" encoding="UTF-8"?>
<!-- Generated by org.testng.reporters.JUnitReportReporter -->
<testsuite hostname="D-113124373" failures="0" tests="8" name="com.wipro.testcases.PlaceOrder" time="47.813" errors="0" timestamp="2023-03-06T10:10:05 IST" skipped="0">
  <testcase classname="com.wipro.testcases.PlaceOrder" name="loginTest" time="4.849"/>
  <system-out/>
  <testcase classname="com.wipro.testcases.PlaceOrder" name="selectDesktopTest" time="6.811"/>
  <system-out/>
  <testcase classname="com.wipro.testcases.PlaceOrder" name="addToCartTest" time="10.109"/>
  <system-out/>
  <testcase classname="com.wipro.testcases.PlaceOrder" name="clickShoppingCartTest" time="3.130"/>
  <system-out/>
  <testcase classname="com.wipro.testcases.PlaceOrder" name="clickCheckoutTest" time="8.775"/>
  <system-out/>
  <testcase classname="com.wipro.testcases.PlaceOrder" name="makePaymentTest" time="6.346"/>
  <system-out/>
  <testcase classname="com.wipro.testcases.PlaceOrder" name="clickConfirmTest" time="1.313"/>
  <system-out/>
  <testcase classname="com.wipro.testcases.PlaceOrder" name="valiadteLogout" time="6.480"/>
  <system-out/>
</testsuite> <!-- com.wipro.testcases.PlaceOrder -->
