<?xml version="1.0" encoding="UTF-8"?>
<!-- Generated by org.testng.reporters.JUnitReportReporter -->
<testsuite hostname="D-113124373" failures="0" tests="3" name="com.wipro.testcases.ValidateMenu" time="24.354" errors="0" timestamp="2023-03-03T12:40:32 IST" skipped="0">
  <testcase classname="com.wipro.testcases.ValidateMenu" name="loginTest" time="4.784"/>
  <system-out/>
  <testcase classname="com.wipro.testcases.ValidateMenu" name="validateMenuTest" time="13.397"/>
  <system-out/>
  <testcase classname="com.wipro.testcases.ValidateMenu" name="valiadteLogout" time="6.173"/>
  <system-out/>
</testsuite> <!-- com.wipro.testcases.ValidateMenu -->
