<?xml version="1.0" encoding="UTF-8"?>
<!-- Generated by org.testng.reporters.JUnitReportReporter -->
<testsuite hostname="D-113124373" failures="0" tests="1" name="com.wipro.testcases.AddAddress" time="31.232" errors="0" timestamp="2023-03-06T10:10:05 IST" skipped="0">
  <testcase classname="com.wipro.testcases.AddAddress" name="runScenario" time="31.232"/>
  <system-out/>
</testsuite> <!-- com.wipro.testcases.AddAddress -->
