<?xml version="1.0" encoding="UTF-8"?>
<!-- Generated by org.testng.reporters.JUnitReportReporter -->
<testsuite hostname="D-113124373" failures="0" tests="1" name="com.wipro.testcases.AccountRegister" time="10.486" errors="0" timestamp="2023-03-06T10:10:05 IST" skipped="0">
  <testcase classname="com.wipro.testcases.AccountRegister" name="createAccount" time="10.486"/>
  <system-out/>
</testsuite> <!-- com.wipro.testcases.AccountRegister -->
