<?xml version="1.0" encoding="UTF-8"?>
<!-- Generated by org.testng.reporters.JUnitReportReporter -->
<testsuite hostname="D-113124373" failures="0" tests="8" name="com.wipro.testcases.PlaceOrder" time="47.205" errors="0" timestamp="2023-03-03T12:40:32 IST" skipped="0">
  <testcase classname="com.wipro.testcases.PlaceOrder" name="loginTest" time="4.725"/>
  <system-out/>
  <testcase classname="com.wipro.testcases.PlaceOrder" name="selectDesktopTest" time="6.611"/>
  <system-out/>
  <testcase classname="com.wipro.testcases.PlaceOrder" name="addToCartTest" time="10.114"/>
  <system-out/>
  <testcase classname="com.wipro.testcases.PlaceOrder" name="clickShoppingCartTest" time="3.130"/>
  <system-out/>
  <testcase classname="com.wipro.testcases.PlaceOrder" name="clickCheckoutTest" time="8.700"/>
  <system-out/>
  <testcase classname="com.wipro.testcases.PlaceOrder" name="makePaymentTest" time="6.288"/>
  <system-out/>
  <testcase classname="com.wipro.testcases.PlaceOrder" name="clickConfirmTest" time="1.170"/>
  <system-out/>
  <testcase classname="com.wipro.testcases.PlaceOrder" name="valiadteLogout" time="6.467"/>
  <system-out/>
</testsuite> <!-- com.wipro.testcases.PlaceOrder -->
