<?xml version="1.0" encoding="UTF-8"?>
<!-- Generated by org.testng.reporters.JUnitReportReporter -->
<testsuite hostname="D-113124373" failures="0" tests="3" name="com.wipro.testcases.ValidateMenu" time="24.273" errors="0" timestamp="2023-03-06T10:10:05 IST" skipped="0">
  <testcase classname="com.wipro.testcases.ValidateMenu" name="loginTest" time="4.714"/>
  <system-out/>
  <testcase classname="com.wipro.testcases.ValidateMenu" name="valiadteLogout" time="5.951"/>
  <system-out/>
  <testcase classname="com.wipro.testcases.ValidateMenu" name="validateMenuTest" time="13.608"/>
  <system-out/>
</testsuite> <!-- com.wipro.testcases.ValidateMenu -->
